<?xml version="1.0" encoding="UTF-8"?>
<coverage generated="1678488037">
  <project timestamp="1678488037">
    <file name="/home/runner/work/array/array/src/Arr.php">
      <class name="HiFolks\DataType\Arr" namespace="global">
        <metrics complexity="93" methods="56" coveredmethods="56" conditionals="0" coveredconditionals="0" statements="145" coveredstatements="145" elements="201" coveredelements="201"/>
      </class>
      <line num="29" type="method" name="__construct" visibility="public" complexity="1" crap="1" count="83"/>
      <line num="31" type="stmt" count="83"/>
      <line num="34" type="method" name="fromFunction" visibility="public" complexity="2" crap="2" count="1"/>
      <line num="36" type="stmt" count="1"/>
      <line num="37" type="stmt" count="1"/>
      <line num="38" type="stmt" count="1"/>
      <line num="41" type="stmt" count="1"/>
      <line num="44" type="method" name="fromValue" visibility="public" complexity="1" crap="1" count="3"/>
      <line num="46" type="stmt" count="3"/>
      <line num="54" type="method" name="from" visibility="public" complexity="4" crap="4" count="3"/>
      <line num="56" type="stmt" count="3"/>
      <line num="57" type="stmt" count="1"/>
      <line num="60" type="stmt" count="3"/>
      <line num="61" type="stmt" count="1"/>
      <line num="64" type="stmt" count="3"/>
      <line num="66" type="stmt" count="3"/>
      <line num="67" type="stmt" count="2"/>
      <line num="70" type="stmt" count="1"/>
      <line num="74" type="method" name="make" visibility="public" complexity="1" crap="1" count="83"/>
      <line num="76" type="stmt" count="83"/>
      <line num="85" type="method" name="of" visibility="public" complexity="1" crap="1" count="1"/>
      <line num="87" type="stmt" count="1"/>
      <line num="90" type="method" name="count" visibility="public" complexity="1" crap="1" count="47"/>
      <line num="92" type="stmt" count="47"/>
      <line num="95" type="method" name="length" visibility="public" complexity="1" crap="1" count="37"/>
      <line num="97" type="stmt" count="37"/>
      <line num="104" type="method" name="arr" visibility="public" complexity="1" crap="1" count="29"/>
      <line num="106" type="stmt" count="29"/>
      <line num="112" type="method" name="get" visibility="public" complexity="1" crap="1" count="32"/>
      <line num="114" type="stmt" count="32"/>
      <line num="120" type="method" name="set" visibility="public" complexity="1" crap="1" count="2"/>
      <line num="122" type="stmt" count="2"/>
      <line num="128" type="method" name="unset" visibility="public" complexity="2" crap="2" count="2"/>
      <line num="130" type="stmt" count="2"/>
      <line num="131" type="stmt" count="2"/>
      <line num="132" type="stmt" count="2"/>
      <line num="135" type="stmt" count="2"/>
      <line num="147" type="method" name="at" visibility="public" complexity="2" crap="2" count="1"/>
      <line num="149" type="stmt" count="1"/>
      <line num="150" type="stmt" count="1"/>
      <line num="153" type="stmt" count="1"/>
      <line num="163" type="method" name="current" visibility="public" complexity="1" crap="1" count="8"/>
      <line num="165" type="stmt" count="8"/>
      <line num="175" type="method" name="next" visibility="public" complexity="1" crap="1" count="8"/>
      <line num="177" type="stmt" count="8"/>
      <line num="180" type="method" name="prev" visibility="public" complexity="1" crap="1" count="1"/>
      <line num="182" type="stmt" count="1"/>
      <line num="192" type="method" name="key" visibility="public" complexity="1" crap="1" count="7"/>
      <line num="194" type="stmt" count="7"/>
      <line num="205" type="method" name="valid" visibility="public" complexity="1" crap="1" count="7"/>
      <line num="207" type="stmt" count="7"/>
      <line num="217" type="method" name="rewind" visibility="public" complexity="1" crap="1" count="7"/>
      <line num="219" type="stmt" count="7"/>
      <line num="225" type="method" name="forEach" visibility="public" complexity="1" crap="1" count="4"/>
      <line num="227" type="stmt" count="4"/>
      <line num="229" type="stmt" count="4"/>
      <line num="240" type="method" name="keys" visibility="public" complexity="2" crap="2" count="7"/>
      <line num="242" type="stmt" count="7"/>
      <line num="243" type="stmt" count="1"/>
      <line num="246" type="stmt" count="7"/>
      <line num="252" type="method" name="push" visibility="public" complexity="1" crap="1" count="4"/>
      <line num="254" type="stmt" count="4"/>
      <line num="263" type="method" name="pop" visibility="public" complexity="1" crap="1" count="2"/>
      <line num="265" type="stmt" count="2"/>
      <line num="274" type="method" name="unshift" visibility="public" complexity="1" crap="1" count="1"/>
      <line num="276" type="stmt" count="1"/>
      <line num="286" type="method" name="shift" visibility="public" complexity="1" crap="1" count="1"/>
      <line num="288" type="stmt" count="1"/>
      <line num="295" type="method" name="append" visibility="public" complexity="1" crap="1" count="5"/>
      <line num="297" type="stmt" count="5"/>
      <line num="299" type="stmt" count="5"/>
      <line num="308" type="method" name="concat" visibility="public" complexity="9" crap="9" count="3"/>
      <line num="310" type="stmt" count="3"/>
      <line num="311" type="stmt" count="3"/>
      <line num="312" type="stmt" count="3"/>
      <line num="313" type="stmt" count="3"/>
      <line num="315" type="stmt" count="3"/>
      <line num="317" type="stmt" count="3"/>
      <line num="318" type="stmt" count="1"/>
      <line num="319" type="stmt" count="1"/>
      <line num="320" type="stmt" count="1"/>
      <line num="321" type="stmt" count="1"/>
      <line num="322" type="stmt" count="1"/>
      <line num="324" type="stmt" count="1"/>
      <line num="325" type="stmt" count="1"/>
      <line num="326" type="stmt" count="1"/>
      <line num="327" type="stmt" count="1"/>
      <line num="330" type="stmt" count="1"/>
      <line num="334" type="stmt" count="3"/>
      <line num="342" type="method" name="join" visibility="public" complexity="1" crap="1" count="6"/>
      <line num="344" type="stmt" count="6"/>
      <line num="356" type="method" name="slice" visibility="public" complexity="4" crap="4" count="5"/>
      <line num="358" type="stmt" count="5"/>
      <line num="359" type="stmt" count="3"/>
      <line num="361" type="stmt" count="5"/>
      <line num="362" type="stmt" count="2"/>
      <line num="364" type="stmt" count="5"/>
      <line num="365" type="stmt" count="2"/>
      <line num="368" type="stmt" count="5"/>
      <line num="377" type="method" name="indexOf" visibility="public" complexity="1" crap="1" count="1"/>
      <line num="379" type="stmt" count="1"/>
      <line num="388" type="method" name="lastIndexOf" visibility="public" complexity="1" crap="1" count="1"/>
      <line num="390" type="stmt" count="1"/>
      <line num="396" type="method" name="every" visibility="public" complexity="3" crap="3" count="6"/>
      <line num="398" type="stmt" count="6"/>
      <line num="399" type="stmt" count="6"/>
      <line num="400" type="stmt" count="3"/>
      <line num="404" type="stmt" count="6"/>
      <line num="416" type="method" name="some" visibility="public" complexity="3" crap="3" count="1"/>
      <line num="418" type="stmt" count="1"/>
      <line num="419" type="stmt" count="1"/>
      <line num="420" type="stmt" count="1"/>
      <line num="424" type="stmt" count="1"/>
      <line num="433" type="method" name="includes" visibility="public" complexity="2" crap="2" count="2"/>
      <line num="435" type="stmt" count="2"/>
      <line num="436" type="stmt" count="2"/>
      <line num="439" type="stmt" count="1"/>
      <line num="447" type="method" name="filter" visibility="public" complexity="1" crap="1" count="3"/>
      <line num="449" type="stmt" count="3"/>
      <line num="457" type="method" name="findIndex" visibility="public" complexity="3" crap="3" count="1"/>
      <line num="459" type="stmt" count="1"/>
      <line num="460" type="stmt" count="1"/>
      <line num="461" type="stmt" count="1"/>
      <line num="465" type="stmt" count="1"/>
      <line num="472" type="method" name="map" visibility="public" complexity="1" crap="1" count="2"/>
      <line num="474" type="stmt" count="2"/>
      <line num="480" type="method" name="flat" visibility="public" complexity="2" crap="2" count="1"/>
      <line num="482" type="stmt" count="1"/>
      <line num="483" type="stmt" count="1"/>
      <line num="484" type="stmt" count="1"/>
      <line num="485" type="stmt" count="1"/>
      <line num="486" type="stmt" count="1"/>
      <line num="488" type="stmt" count="1"/>
      <line num="494" type="method" name="flatMap" visibility="public" complexity="4" crap="4" count="2"/>
      <line num="496" type="stmt" count="2"/>
      <line num="498" type="stmt" count="2"/>
      <line num="499" type="stmt" count="2"/>
      <line num="500" type="stmt" count="1"/>
      <line num="501" type="stmt" count="1"/>
      <line num="502" type="stmt" count="1"/>
      <line num="503" type="stmt" count="1"/>
      <line num="506" type="stmt" count="1"/>
      <line num="508" type="stmt" count="1"/>
      <line num="509" type="stmt" count="1"/>
      <line num="511" type="stmt" count="1"/>
      <line num="515" type="stmt" count="2"/>
      <line num="525" type="method" name="fill" visibility="public" complexity="3" crap="3" count="1"/>
      <line num="527" type="stmt" count="1"/>
      <line num="528" type="stmt" count="1"/>
      <line num="530" type="stmt" count="1"/>
      <line num="531" type="stmt" count="1"/>
      <line num="543" type="method" name="reduce" visibility="public" complexity="1" crap="1" count="1"/>
      <line num="545" type="stmt" count="1"/>
      <line num="552" type="method" name="reduceRight" visibility="public" complexity="1" crap="1" count="1"/>
      <line num="554" type="stmt" count="1"/>
      <line num="564" type="method" name="reverse" visibility="public" complexity="1" crap="1" count="1"/>
      <line num="566" type="stmt" count="1"/>
      <line num="568" type="stmt" count="1"/>
      <line num="575" type="method" name="sort" visibility="public" complexity="1" crap="1" count="2"/>
      <line num="577" type="stmt" count="2"/>
      <line num="579" type="stmt" count="2"/>
      <line num="593" type="method" name="splice" visibility="public" complexity="1" crap="1" count="1"/>
      <line num="595" type="stmt" count="1"/>
      <line num="601" type="method" name="toString" visibility="public" complexity="1" crap="1" count="2"/>
      <line num="603" type="stmt" count="2"/>
      <line num="612" type="method" name="isArray" visibility="public" complexity="1" crap="1" count="1"/>
      <line num="614" type="stmt" count="1"/>
      <line num="620" type="method" name="offsetExists" visibility="public" complexity="1" crap="1" count="2"/>
      <line num="622" type="stmt" count="2"/>
      <line num="628" type="method" name="offsetGet" visibility="public" complexity="1" crap="1" count="14"/>
      <line num="630" type="stmt" count="14"/>
      <line num="636" type="method" name="offsetSet" visibility="public" complexity="2" crap="2" count="6"/>
      <line num="638" type="stmt" count="6"/>
      <line num="639" type="stmt" count="1"/>
      <line num="641" type="stmt" count="6"/>
      <line num="648" type="method" name="offsetUnset" visibility="public" complexity="1" crap="1" count="1"/>
      <line num="650" type="stmt" count="1"/>
      <line num="658" type="method" name="values" visibility="public" complexity="1" crap="1" count="1"/>
      <line num="660" type="stmt" count="1"/>
      <line num="666" type="method" name="entries" visibility="public" complexity="2" crap="2" count="1"/>
      <line num="668" type="stmt" count="1"/>
      <line num="669" type="stmt" count="1"/>
      <line num="670" type="stmt" count="1"/>
      <line num="673" type="stmt" count="1"/>
      <line num="681" type="method" name="find" visibility="public" complexity="3" crap="3" count="1"/>
      <line num="683" type="stmt" count="1"/>
      <line num="684" type="stmt" count="1"/>
      <line num="685" type="stmt" count="1"/>
      <line num="689" type="stmt" count="1"/>
      <line num="699" type="method" name="copyWithin" visibility="public" complexity="3" crap="3" count="4"/>
      <line num="701" type="stmt" count="4"/>
      <line num="702" type="stmt" count="4"/>
      <line num="703" type="stmt" count="4"/>
      <line num="704" type="stmt" count="2"/>
      <line num="707" type="stmt" count="4"/>
      <line num="708" type="stmt" count="4"/>
      <line num="709" type="stmt" count="4"/>
      <line num="712" type="stmt" count="4"/>
      <line num="713" type="stmt" count="4"/>
      <line num="720" type="method" name="isEmpty" visibility="public" complexity="1" crap="1" count="2"/>
      <line num="722" type="stmt" count="2"/>
      <metrics loc="725" ncloc="452" classes="1" methods="56" coveredmethods="56" conditionals="0" coveredconditionals="0" statements="145" coveredstatements="145" elements="201" coveredelements="201"/>
    </file>
    <file name="/home/runner/work/array/array/src/Classes/Operation.php">
      <class name="HiFolks\DataType\Classes\Operation" namespace="global">
        <metrics complexity="2" methods="2" coveredmethods="2" conditionals="0" coveredconditionals="0" statements="2" coveredstatements="2" elements="4" coveredelements="4"/>
      </class>
      <line num="9" type="method" name="add" visibility="public" complexity="1" crap="1" count="1"/>
      <line num="11" type="stmt" count="1"/>
      <line num="14" type="method" name="double" visibility="public" complexity="1" crap="1" count="1"/>
      <line num="16" type="stmt" count="1"/>
      <metrics loc="19" ncloc="19" classes="1" methods="2" coveredmethods="2" conditionals="0" coveredconditionals="0" statements="2" coveredstatements="2" elements="4" coveredelements="4"/>
    </file>
    <file name="/home/runner/work/array/array/src/Table.php">
      <class name="HiFolks\DataType\Table" namespace="global">
        <metrics complexity="39" methods="23" coveredmethods="23" conditionals="0" coveredconditionals="0" statements="84" coveredstatements="84" elements="107" coveredelements="107"/>
      </class>
      <line num="23" type="method" name="make" visibility="public" complexity="2" crap="2" count="25"/>
      <line num="25" type="stmt" count="25"/>
      <line num="26" type="stmt" count="25"/>
      <line num="27" type="stmt" count="25"/>
      <line num="30" type="stmt" count="25"/>
      <line num="36" type="method" name="rows" visibility="public" complexity="1" crap="1" count="22"/>
      <line num="38" type="stmt" count="22"/>
      <line num="44" type="method" name="toArray" visibility="public" complexity="2" crap="2" count="1"/>
      <line num="46" type="stmt" count="1"/>
      <line num="47" type="stmt" count="1"/>
      <line num="48" type="stmt" count="1"/>
      <line num="50" type="stmt" count="1"/>
      <line num="57" type="method" name="append" visibility="public" complexity="1" crap="1" count="25"/>
      <line num="59" type="stmt" count="25"/>
      <line num="60" type="stmt" count="25"/>
      <line num="63" type="method" name="first" visibility="public" complexity="1" crap="1" count="13"/>
      <line num="65" type="stmt" count="13"/>
      <line num="66" type="stmt" count="13"/>
      <line num="69" type="method" name="last" visibility="public" complexity="1" crap="1" count="12"/>
      <line num="71" type="stmt" count="12"/>
      <line num="72" type="stmt" count="12"/>
      <line num="75" type="method" name="getFromFirst" visibility="public" complexity="1" crap="1" count="3"/>
      <line num="77" type="stmt" count="3"/>
      <line num="80" type="method" name="getFromLast" visibility="public" complexity="1" crap="1" count="2"/>
      <line num="82" type="stmt" count="2"/>
      <line num="85" type="method" name="select" visibility="public" complexity="4" crap="4" count="7"/>
      <line num="87" type="stmt" count="7"/>
      <line num="88" type="stmt" count="7"/>
      <line num="89" type="stmt" count="7"/>
      <line num="90" type="stmt" count="7"/>
      <line num="91" type="stmt" count="7"/>
      <line num="92" type="stmt" count="7"/>
      <line num="93" type="stmt" count="7"/>
      <line num="96" type="stmt" count="7"/>
      <line num="99" type="stmt" count="7"/>
      <line num="106" type="method" name="except" visibility="public" complexity="3" crap="3" count="1"/>
      <line num="108" type="stmt" count="1"/>
      <line num="109" type="stmt" count="1"/>
      <line num="110" type="stmt" count="1"/>
      <line num="111" type="stmt" count="1"/>
      <line num="112" type="stmt" count="1"/>
      <line num="114" type="stmt" count="1"/>
      <line num="117" type="stmt" count="1"/>
      <line num="120" type="method" name="where" visibility="public" complexity="3" crap="3" count="7"/>
      <line num="122" type="stmt" count="7"/>
      <line num="123" type="stmt" count="1"/>
      <line num="124" type="stmt" count="1"/>
      <line num="126" type="stmt" count="7"/>
      <line num="127" type="stmt" count="1"/>
      <line num="128" type="stmt" count="1"/>
      <line num="131" type="stmt" count="7"/>
      <line num="132" type="stmt" count="7"/>
      <line num="133" type="stmt" count="7"/>
      <line num="134" type="stmt" count="7"/>
      <line num="135" type="stmt" count="7"/>
      <line num="136" type="stmt" count="7"/>
      <line num="137" type="stmt" count="7"/>
      <line num="138" type="stmt" count="7"/>
      <line num="139" type="stmt" count="7"/>
      <line num="140" type="stmt" count="7"/>
      <line num="141" type="stmt" count="7"/>
      <line num="143" type="stmt" count="7"/>
      <line num="146" type="method" name="orderBy" visibility="public" complexity="2" crap="2" count="3"/>
      <line num="148" type="stmt" count="3"/>
      <line num="150" type="stmt" count="3"/>
      <line num="151" type="stmt" count="1"/>
      <line num="153" type="stmt" count="2"/>
      <line num="156" type="stmt" count="3"/>
      <line num="157" type="stmt" count="3"/>
      <line num="163" type="method" name="calc" visibility="public" complexity="2" crap="2" count="3"/>
      <line num="165" type="stmt" count="3"/>
      <line num="166" type="stmt" count="3"/>
      <line num="169" type="stmt" count="3"/>
      <line num="175" type="method" name="groupBy" visibility="public" complexity="3" crap="3" count="2"/>
      <line num="177" type="stmt" count="2"/>
      <line num="179" type="stmt" count="2"/>
      <line num="180" type="stmt" count="2"/>
      <line num="181" type="stmt" count="2"/>
      <line num="182" type="stmt" count="1"/>
      <line num="184" type="stmt" count="2"/>
      <line num="187" type="stmt" count="2"/>
      <line num="193" type="method" name="transform" visibility="public" complexity="3" crap="3" count="1"/>
      <line num="197" type="stmt" count="1"/>
      <line num="199" type="stmt" count="1"/>
      <line num="201" type="stmt" count="1"/>
      <line num="202" type="stmt" count="1"/>
      <line num="203" type="stmt" count="1"/>
      <line num="204" type="stmt" count="1"/>
      <line num="208" type="stmt" count="1"/>
      <line num="211" type="method" name="count" visibility="public" complexity="1" crap="1" count="14"/>
      <line num="213" type="stmt" count="14"/>
      <line num="219" type="method" name="getArr" visibility="private" complexity="2" crap="2" count="25"/>
      <line num="221" type="stmt" count="25"/>
      <line num="222" type="stmt" count="25"/>
      <line num="224" type="stmt" count="25"/>
      <line num="227" type="method" name="current" visibility="public" complexity="1" crap="1" count="1"/>
      <line num="229" type="stmt" count="1"/>
      <line num="232" type="method" name="next" visibility="public" complexity="1" crap="1" count="1"/>
      <line num="234" type="stmt" count="1"/>
      <line num="237" type="method" name="prev" visibility="public" complexity="1" crap="1" count="1"/>
      <line num="239" type="stmt" count="1"/>
      <line num="242" type="method" name="key" visibility="public" complexity="1" crap="1" count="1"/>
      <line num="244" type="stmt" count="1"/>
      <line num="247" type="method" name="valid" visibility="public" complexity="1" crap="1" count="1"/>
      <line num="249" type="stmt" count="1"/>
      <line num="252" type="method" name="rewind" visibility="public" complexity="1" crap="1" count="1"/>
      <line num="254" type="stmt" count="1"/>
      <metrics loc="257" ncloc="221" classes="1" methods="23" coveredmethods="23" conditionals="0" coveredconditionals="0" statements="84" coveredstatements="84" elements="107" coveredelements="107"/>
    </file>
    <file name="/home/runner/work/array/array/src/Traits/Calculable.php">
      <class name="HiFolks\DataType\Traits\Calculable" namespace="global">
        <metrics complexity="3" methods="2" coveredmethods="2" conditionals="0" coveredconditionals="0" statements="4" coveredstatements="4" elements="6" coveredelements="6"/>
      </class>
      <line num="10" type="method" name="sum" visibility="public" complexity="1" crap="1" count="2"/>
      <line num="12" type="stmt" count="2"/>
      <line num="18" type="method" name="avg" visibility="public" complexity="2" crap="2" count="1"/>
      <line num="20" type="stmt" count="1"/>
      <line num="21" type="stmt" count="1"/>
      <line num="24" type="stmt" count="1"/>
      <metrics loc="27" ncloc="21" classes="1" methods="2" coveredmethods="2" conditionals="0" coveredconditionals="0" statements="4" coveredstatements="4" elements="6" coveredelements="6"/>
    </file>
    <metrics files="4" loc="1028" ncloc="713" classes="4" methods="83" coveredmethods="83" conditionals="0" coveredconditionals="0" statements="235" coveredstatements="235" elements="318" coveredelements="318"/>
  </project>
</coverage>
