<?xml version="1.0" encoding="UTF-8"?>
<coverage generated="1673080075">
  <project timestamp="1673080075">
    <file name="/home/runner/work/array/array/src/Arr.php">
      <class name="HiFolks\DataType\Arr" namespace="global">
        <metrics complexity="93" methods="56" coveredmethods="56" conditionals="0" coveredconditionals="0" statements="145" coveredstatements="145" elements="201" coveredelements="201"/>
      </class>
      <line num="29" type="method" name="__construct" visibility="public" complexity="1" crap="1" count="81"/>
      <line num="31" type="stmt" count="81"/>
      <line num="34" type="method" name="fromFunction" visibility="public" complexity="2" crap="2" count="1"/>
      <line num="36" type="stmt" count="1"/>
      <line num="37" type="stmt" count="1"/>
      <line num="38" type="stmt" count="1"/>
      <line num="41" type="stmt" count="1"/>
      <line num="49" type="method" name="fromValue" visibility="public" complexity="1" crap="1" count="3"/>
      <line num="51" type="stmt" count="3"/>
      <line num="61" type="method" name="from" visibility="public" complexity="4" crap="4" count="3"/>
      <line num="63" type="stmt" count="3"/>
      <line num="64" type="stmt" count="1"/>
      <line num="67" type="stmt" count="3"/>
      <line num="68" type="stmt" count="1"/>
      <line num="71" type="stmt" count="3"/>
      <line num="73" type="stmt" count="3"/>
      <line num="74" type="stmt" count="2"/>
      <line num="77" type="stmt" count="1"/>
      <line num="81" type="method" name="make" visibility="public" complexity="1" crap="1" count="81"/>
      <line num="83" type="stmt" count="81"/>
      <line num="93" type="method" name="of" visibility="public" complexity="1" crap="1" count="1"/>
      <line num="95" type="stmt" count="1"/>
      <line num="98" type="method" name="count" visibility="public" complexity="1" crap="1" count="47"/>
      <line num="100" type="stmt" count="47"/>
      <line num="103" type="method" name="length" visibility="public" complexity="1" crap="1" count="37"/>
      <line num="105" type="stmt" count="37"/>
      <line num="112" type="method" name="arr" visibility="public" complexity="1" crap="1" count="29"/>
      <line num="114" type="stmt" count="29"/>
      <line num="120" type="method" name="get" visibility="public" complexity="1" crap="1" count="30"/>
      <line num="122" type="stmt" count="30"/>
      <line num="128" type="method" name="set" visibility="public" complexity="1" crap="1" count="2"/>
      <line num="130" type="stmt" count="2"/>
      <line num="136" type="method" name="unset" visibility="public" complexity="2" crap="2" count="2"/>
      <line num="138" type="stmt" count="2"/>
      <line num="139" type="stmt" count="2"/>
      <line num="140" type="stmt" count="2"/>
      <line num="143" type="stmt" count="2"/>
      <line num="155" type="method" name="at" visibility="public" complexity="2" crap="2" count="1"/>
      <line num="157" type="stmt" count="1"/>
      <line num="158" type="stmt" count="1"/>
      <line num="161" type="stmt" count="1"/>
      <line num="171" type="method" name="current" visibility="public" complexity="1" crap="1" count="8"/>
      <line num="173" type="stmt" count="8"/>
      <line num="183" type="method" name="next" visibility="public" complexity="1" crap="1" count="8"/>
      <line num="185" type="stmt" count="8"/>
      <line num="188" type="method" name="prev" visibility="public" complexity="1" crap="1" count="1"/>
      <line num="190" type="stmt" count="1"/>
      <line num="200" type="method" name="key" visibility="public" complexity="1" crap="1" count="7"/>
      <line num="202" type="stmt" count="7"/>
      <line num="213" type="method" name="valid" visibility="public" complexity="1" crap="1" count="7"/>
      <line num="215" type="stmt" count="7"/>
      <line num="225" type="method" name="rewind" visibility="public" complexity="1" crap="1" count="7"/>
      <line num="227" type="stmt" count="7"/>
      <line num="236" type="method" name="forEach" visibility="public" complexity="1" crap="1" count="4"/>
      <line num="238" type="stmt" count="4"/>
      <line num="240" type="stmt" count="4"/>
      <line num="251" type="method" name="keys" visibility="public" complexity="2" crap="2" count="7"/>
      <line num="253" type="stmt" count="7"/>
      <line num="254" type="stmt" count="1"/>
      <line num="257" type="stmt" count="7"/>
      <line num="264" type="method" name="push" visibility="public" complexity="1" crap="1" count="4"/>
      <line num="266" type="stmt" count="4"/>
      <line num="275" type="method" name="pop" visibility="public" complexity="1" crap="1" count="2"/>
      <line num="277" type="stmt" count="2"/>
      <line num="286" type="method" name="unshift" visibility="public" complexity="1" crap="1" count="1"/>
      <line num="288" type="stmt" count="1"/>
      <line num="298" type="method" name="shift" visibility="public" complexity="1" crap="1" count="1"/>
      <line num="300" type="stmt" count="1"/>
      <line num="307" type="method" name="append" visibility="public" complexity="1" crap="1" count="5"/>
      <line num="309" type="stmt" count="5"/>
      <line num="311" type="stmt" count="5"/>
      <line num="322" type="method" name="concat" visibility="public" complexity="9" crap="9" count="3"/>
      <line num="324" type="stmt" count="3"/>
      <line num="325" type="stmt" count="3"/>
      <line num="326" type="stmt" count="3"/>
      <line num="327" type="stmt" count="3"/>
      <line num="328" type="stmt" count="3"/>
      <line num="330" type="stmt" count="3"/>
      <line num="331" type="stmt" count="1"/>
      <line num="332" type="stmt" count="1"/>
      <line num="333" type="stmt" count="1"/>
      <line num="334" type="stmt" count="1"/>
      <line num="335" type="stmt" count="1"/>
      <line num="337" type="stmt" count="1"/>
      <line num="338" type="stmt" count="1"/>
      <line num="339" type="stmt" count="1"/>
      <line num="341" type="stmt" count="1"/>
      <line num="344" type="stmt" count="1"/>
      <line num="348" type="stmt" count="3"/>
      <line num="357" type="method" name="join" visibility="public" complexity="1" crap="1" count="6"/>
      <line num="359" type="stmt" count="6"/>
      <line num="372" type="method" name="slice" visibility="public" complexity="4" crap="4" count="5"/>
      <line num="374" type="stmt" count="5"/>
      <line num="375" type="stmt" count="3"/>
      <line num="377" type="stmt" count="5"/>
      <line num="378" type="stmt" count="2"/>
      <line num="380" type="stmt" count="5"/>
      <line num="381" type="stmt" count="2"/>
      <line num="384" type="stmt" count="5"/>
      <line num="393" type="method" name="indexOf" visibility="public" complexity="1" crap="1" count="1"/>
      <line num="395" type="stmt" count="1"/>
      <line num="404" type="method" name="lastIndexOf" visibility="public" complexity="1" crap="1" count="1"/>
      <line num="406" type="stmt" count="1"/>
      <line num="415" type="method" name="every" visibility="public" complexity="3" crap="3" count="6"/>
      <line num="417" type="stmt" count="6"/>
      <line num="418" type="stmt" count="6"/>
      <line num="419" type="stmt" count="3"/>
      <line num="423" type="stmt" count="6"/>
      <line num="438" type="method" name="some" visibility="public" complexity="3" crap="3" count="1"/>
      <line num="440" type="stmt" count="1"/>
      <line num="441" type="stmt" count="1"/>
      <line num="442" type="stmt" count="1"/>
      <line num="446" type="stmt" count="1"/>
      <line num="457" type="method" name="includes" visibility="public" complexity="2" crap="2" count="2"/>
      <line num="459" type="stmt" count="2"/>
      <line num="460" type="stmt" count="2"/>
      <line num="463" type="stmt" count="1"/>
      <line num="472" type="method" name="filter" visibility="public" complexity="1" crap="1" count="3"/>
      <line num="474" type="stmt" count="3"/>
      <line num="483" type="method" name="findIndex" visibility="public" complexity="3" crap="3" count="1"/>
      <line num="485" type="stmt" count="1"/>
      <line num="486" type="stmt" count="1"/>
      <line num="487" type="stmt" count="1"/>
      <line num="491" type="stmt" count="1"/>
      <line num="501" type="method" name="map" visibility="public" complexity="1" crap="1" count="2"/>
      <line num="503" type="stmt" count="2"/>
      <line num="511" type="method" name="flat" visibility="public" complexity="2" crap="2" count="1"/>
      <line num="513" type="stmt" count="1"/>
      <line num="514" type="stmt" count="1"/>
      <line num="515" type="stmt" count="1"/>
      <line num="516" type="stmt" count="1"/>
      <line num="517" type="stmt" count="1"/>
      <line num="519" type="stmt" count="1"/>
      <line num="528" type="method" name="flatMap" visibility="public" complexity="4" crap="4" count="2"/>
      <line num="530" type="stmt" count="2"/>
      <line num="532" type="stmt" count="2"/>
      <line num="533" type="stmt" count="2"/>
      <line num="534" type="stmt" count="1"/>
      <line num="535" type="stmt" count="1"/>
      <line num="536" type="stmt" count="1"/>
      <line num="537" type="stmt" count="1"/>
      <line num="540" type="stmt" count="1"/>
      <line num="542" type="stmt" count="1"/>
      <line num="543" type="stmt" count="1"/>
      <line num="545" type="stmt" count="1"/>
      <line num="549" type="stmt" count="2"/>
      <line num="560" type="method" name="fill" visibility="public" complexity="3" crap="3" count="1"/>
      <line num="562" type="stmt" count="1"/>
      <line num="563" type="stmt" count="1"/>
      <line num="565" type="stmt" count="1"/>
      <line num="566" type="stmt" count="1"/>
      <line num="580" type="method" name="reduce" visibility="public" complexity="1" crap="1" count="1"/>
      <line num="582" type="stmt" count="1"/>
      <line num="593" type="method" name="reduceRight" visibility="public" complexity="1" crap="1" count="1"/>
      <line num="595" type="stmt" count="1"/>
      <line num="606" type="method" name="reverse" visibility="public" complexity="1" crap="1" count="1"/>
      <line num="608" type="stmt" count="1"/>
      <line num="610" type="stmt" count="1"/>
      <line num="619" type="method" name="sort" visibility="public" complexity="1" crap="1" count="2"/>
      <line num="621" type="stmt" count="2"/>
      <line num="623" type="stmt" count="2"/>
      <line num="637" type="method" name="splice" visibility="public" complexity="1" crap="1" count="1"/>
      <line num="639" type="stmt" count="1"/>
      <line num="647" type="method" name="toString" visibility="public" complexity="1" crap="1" count="2"/>
      <line num="649" type="stmt" count="2"/>
      <line num="658" type="method" name="isArray" visibility="public" complexity="1" crap="1" count="1"/>
      <line num="660" type="stmt" count="1"/>
      <line num="666" type="method" name="offsetExists" visibility="public" complexity="1" crap="1" count="2"/>
      <line num="668" type="stmt" count="2"/>
      <line num="674" type="method" name="offsetGet" visibility="public" complexity="1" crap="1" count="12"/>
      <line num="676" type="stmt" count="12"/>
      <line num="682" type="method" name="offsetSet" visibility="public" complexity="2" crap="2" count="4"/>
      <line num="684" type="stmt" count="4"/>
      <line num="685" type="stmt" count="1"/>
      <line num="687" type="stmt" count="4"/>
      <line num="694" type="method" name="offsetUnset" visibility="public" complexity="1" crap="1" count="1"/>
      <line num="696" type="stmt" count="1"/>
      <line num="704" type="method" name="values" visibility="public" complexity="1" crap="1" count="1"/>
      <line num="706" type="stmt" count="1"/>
      <line num="712" type="method" name="entries" visibility="public" complexity="2" crap="2" count="1"/>
      <line num="714" type="stmt" count="1"/>
      <line num="715" type="stmt" count="1"/>
      <line num="716" type="stmt" count="1"/>
      <line num="719" type="stmt" count="1"/>
      <line num="727" type="method" name="find" visibility="public" complexity="3" crap="3" count="1"/>
      <line num="729" type="stmt" count="1"/>
      <line num="730" type="stmt" count="1"/>
      <line num="731" type="stmt" count="1"/>
      <line num="735" type="stmt" count="1"/>
      <line num="747" type="method" name="copyWithin" visibility="public" complexity="3" crap="3" count="4"/>
      <line num="749" type="stmt" count="4"/>
      <line num="750" type="stmt" count="4"/>
      <line num="751" type="stmt" count="4"/>
      <line num="752" type="stmt" count="2"/>
      <line num="755" type="stmt" count="4"/>
      <line num="756" type="stmt" count="4"/>
      <line num="757" type="stmt" count="4"/>
      <line num="760" type="stmt" count="4"/>
      <line num="761" type="stmt" count="4"/>
      <line num="768" type="method" name="isEmpty" visibility="public" complexity="1" crap="1" count="2"/>
      <line num="770" type="stmt" count="2"/>
      <metrics loc="773" ncloc="452" classes="1" methods="56" coveredmethods="56" conditionals="0" coveredconditionals="0" statements="145" coveredstatements="145" elements="201" coveredelements="201"/>
    </file>
    <file name="/home/runner/work/array/array/src/Classes/Operation.php">
      <class name="HiFolks\DataType\Classes\Operation" namespace="global">
        <metrics complexity="1" methods="1" coveredmethods="0" conditionals="0" coveredconditionals="0" statements="1" coveredstatements="0" elements="2" coveredelements="0"/>
      </class>
      <line num="9" type="method" name="sum" visibility="public" complexity="1" crap="2" count="0"/>
      <line num="11" type="stmt" count="0"/>
      <metrics loc="14" ncloc="14" classes="1" methods="1" coveredmethods="0" conditionals="0" coveredconditionals="0" statements="1" coveredstatements="0" elements="2" coveredelements="0"/>
    </file>
    <file name="/home/runner/work/array/array/src/Table.php">
      <class name="HiFolks\DataType\Table" namespace="global">
        <metrics complexity="39" methods="23" coveredmethods="23" conditionals="0" coveredconditionals="0" statements="88" coveredstatements="88" elements="111" coveredelements="111"/>
      </class>
      <line num="24" type="method" name="make" visibility="public" complexity="2" crap="2" count="23"/>
      <line num="26" type="stmt" count="23"/>
      <line num="27" type="stmt" count="23"/>
      <line num="28" type="stmt" count="23"/>
      <line num="31" type="stmt" count="23"/>
      <line num="37" type="method" name="rows" visibility="public" complexity="1" crap="1" count="22"/>
      <line num="39" type="stmt" count="22"/>
      <line num="45" type="method" name="toArray" visibility="public" complexity="2" crap="2" count="1"/>
      <line num="47" type="stmt" count="1"/>
      <line num="48" type="stmt" count="1"/>
      <line num="49" type="stmt" count="1"/>
      <line num="51" type="stmt" count="1"/>
      <line num="58" type="method" name="append" visibility="public" complexity="1" crap="1" count="23"/>
      <line num="60" type="stmt" count="23"/>
      <line num="61" type="stmt" count="23"/>
      <line num="67" type="method" name="first" visibility="public" complexity="1" crap="1" count="11"/>
      <line num="69" type="stmt" count="11"/>
      <line num="70" type="stmt" count="11"/>
      <line num="76" type="method" name="last" visibility="public" complexity="1" crap="1" count="12"/>
      <line num="78" type="stmt" count="12"/>
      <line num="79" type="stmt" count="12"/>
      <line num="86" type="method" name="getFromFirst" visibility="public" complexity="1" crap="1" count="1"/>
      <line num="88" type="stmt" count="1"/>
      <line num="95" type="method" name="getFromLast" visibility="public" complexity="1" crap="1" count="2"/>
      <line num="97" type="stmt" count="2"/>
      <line num="104" type="method" name="select" visibility="public" complexity="4" crap="4" count="7"/>
      <line num="106" type="stmt" count="7"/>
      <line num="107" type="stmt" count="7"/>
      <line num="108" type="stmt" count="7"/>
      <line num="109" type="stmt" count="7"/>
      <line num="110" type="stmt" count="7"/>
      <line num="111" type="stmt" count="7"/>
      <line num="112" type="stmt" count="7"/>
      <line num="115" type="stmt" count="7"/>
      <line num="118" type="stmt" count="7"/>
      <line num="128" type="method" name="except" visibility="public" complexity="3" crap="3" count="1"/>
      <line num="130" type="stmt" count="1"/>
      <line num="131" type="stmt" count="1"/>
      <line num="132" type="stmt" count="1"/>
      <line num="133" type="stmt" count="1"/>
      <line num="134" type="stmt" count="1"/>
      <line num="136" type="stmt" count="1"/>
      <line num="139" type="stmt" count="1"/>
      <line num="148" type="method" name="where" visibility="public" complexity="3" crap="3" count="7"/>
      <line num="150" type="stmt" count="7"/>
      <line num="151" type="stmt" count="1"/>
      <line num="152" type="stmt" count="1"/>
      <line num="154" type="stmt" count="7"/>
      <line num="155" type="stmt" count="1"/>
      <line num="156" type="stmt" count="1"/>
      <line num="159" type="stmt" count="7"/>
      <line num="160" type="stmt" count="7"/>
      <line num="161" type="stmt" count="7"/>
      <line num="162" type="stmt" count="7"/>
      <line num="163" type="stmt" count="7"/>
      <line num="164" type="stmt" count="7"/>
      <line num="165" type="stmt" count="7"/>
      <line num="166" type="stmt" count="7"/>
      <line num="167" type="stmt" count="7"/>
      <line num="168" type="stmt" count="7"/>
      <line num="169" type="stmt" count="7"/>
      <line num="171" type="stmt" count="7"/>
      <line num="179" type="method" name="orderBy" visibility="public" complexity="2" crap="2" count="3"/>
      <line num="181" type="stmt" count="3"/>
      <line num="183" type="stmt" count="3"/>
      <line num="184" type="stmt" count="1"/>
      <line num="185" type="stmt" count="1"/>
      <line num="186" type="stmt" count="1"/>
      <line num="188" type="stmt" count="2"/>
      <line num="189" type="stmt" count="2"/>
      <line num="190" type="stmt" count="2"/>
      <line num="193" type="stmt" count="3"/>
      <line num="194" type="stmt" count="3"/>
      <line num="202" type="method" name="calc" visibility="public" complexity="2" crap="2" count="1"/>
      <line num="204" type="stmt" count="1"/>
      <line num="205" type="stmt" count="1"/>
      <line num="208" type="stmt" count="1"/>
      <line num="216" type="method" name="groupBy" visibility="public" complexity="3" crap="3" count="2"/>
      <line num="218" type="stmt" count="2"/>
      <line num="220" type="stmt" count="2"/>
      <line num="221" type="stmt" count="2"/>
      <line num="222" type="stmt" count="2"/>
      <line num="223" type="stmt" count="1"/>
      <line num="225" type="stmt" count="2"/>
      <line num="228" type="stmt" count="2"/>
      <line num="234" type="method" name="transform" visibility="public" complexity="3" crap="3" count="1"/>
      <line num="238" type="stmt" count="1"/>
      <line num="240" type="stmt" count="1"/>
      <line num="242" type="stmt" count="1"/>
      <line num="243" type="stmt" count="1"/>
      <line num="244" type="stmt" count="1"/>
      <line num="245" type="stmt" count="1"/>
      <line num="249" type="stmt" count="1"/>
      <line num="252" type="method" name="count" visibility="public" complexity="1" crap="1" count="14"/>
      <line num="254" type="stmt" count="14"/>
      <line num="261" type="method" name="getArr" visibility="private" complexity="2" crap="2" count="23"/>
      <line num="263" type="stmt" count="23"/>
      <line num="264" type="stmt" count="23"/>
      <line num="266" type="stmt" count="23"/>
      <line num="269" type="method" name="current" visibility="public" complexity="1" crap="1" count="1"/>
      <line num="271" type="stmt" count="1"/>
      <line num="274" type="method" name="next" visibility="public" complexity="1" crap="1" count="1"/>
      <line num="276" type="stmt" count="1"/>
      <line num="279" type="method" name="prev" visibility="public" complexity="1" crap="1" count="1"/>
      <line num="281" type="stmt" count="1"/>
      <line num="284" type="method" name="key" visibility="public" complexity="1" crap="1" count="1"/>
      <line num="286" type="stmt" count="1"/>
      <line num="289" type="method" name="valid" visibility="public" complexity="1" crap="1" count="1"/>
      <line num="291" type="stmt" count="1"/>
      <line num="294" type="method" name="rewind" visibility="public" complexity="1" crap="1" count="1"/>
      <line num="296" type="stmt" count="1"/>
      <metrics loc="299" ncloc="225" classes="1" methods="23" coveredmethods="23" conditionals="0" coveredconditionals="0" statements="88" coveredstatements="88" elements="111" coveredelements="111"/>
    </file>
    <file name="/home/runner/work/array/array/src/Traits/Calculable.php">
      <class name="HiFolks\DataType\Traits\Calculable" namespace="global">
        <metrics complexity="3" methods="2" coveredmethods="2" conditionals="0" coveredconditionals="0" statements="4" coveredstatements="4" elements="6" coveredelements="6"/>
      </class>
      <line num="12" type="method" name="sum" visibility="public" complexity="1" crap="1" count="2"/>
      <line num="14" type="stmt" count="2"/>
      <line num="22" type="method" name="avg" visibility="public" complexity="2" crap="2" count="1"/>
      <line num="24" type="stmt" count="1"/>
      <line num="25" type="stmt" count="1"/>
      <line num="28" type="stmt" count="1"/>
      <metrics loc="31" ncloc="21" classes="1" methods="2" coveredmethods="2" conditionals="0" coveredconditionals="0" statements="4" coveredstatements="4" elements="6" coveredelements="6"/>
    </file>
    <metrics files="4" loc="1117" ncloc="712" classes="4" methods="82" coveredmethods="81" conditionals="0" coveredconditionals="0" statements="238" coveredstatements="237" elements="320" coveredelements="318"/>
  </project>
</coverage>
